-------------------------------------------------------------------------------
Test set: cpsc326.Parser2MiniTest
-------------------------------------------------------------------------------
Tests run: 16, Failures: 2, Errors: 0, Skipped: 0, Time elapsed: 0.035 s <<< FAILURE! -- in cpsc326.Parser2MiniTest
cpsc326.Parser2MiniTest.logicalOrShortCircuitsDuringInterpretation -- Time elapsed: 0.009 s
cpsc326.Parser2MiniTest.logicalAndShortCircuitsDuringInterpretation -- Time elapsed: 0.001 s
cpsc326.Parser2MiniTest.reportsMissingLeftParenAfterIf -- Time elapsed: 0.001 s
cpsc326.Parser2MiniTest.parsesForLoopWithoutClausesAsInfiniteLoop -- Time elapsed: 0.001 s
cpsc326.Parser2MiniTest.parsesIfElseStatement -- Time elapsed: 0.001 s
cpsc326.Parser2MiniTest.parsesVariableDeclarationWithInitializer -- Time elapsed: 0 s
cpsc326.Parser2MiniTest.interpretsVariableAssignment -- Time elapsed: 0.001 s
cpsc326.Parser2MiniTest.bindsElseToNearestIf -- Time elapsed: 0 s
cpsc326.Parser2MiniTest.reportsMissingSemicolonInsideForHeader -- Time elapsed: 0.001 s
cpsc326.Parser2MiniTest.interpretsForLoop -- Time elapsed: 0.006 s <<< FAILURE!
org.opentest4j.AssertionFailedError: 
expected: <0
1
2> but was: <0

1

2>
	at org.junit.jupiter.api.AssertionFailureBuilder.build(AssertionFailureBuilder.java:151)
	at org.junit.jupiter.api.AssertionFailureBuilder.buildAndThrow(AssertionFailureBuilder.java:132)
	at org.junit.jupiter.api.AssertEquals.failNotEqual(AssertEquals.java:197)
	at org.junit.jupiter.api.AssertEquals.assertEquals(AssertEquals.java:182)
	at org.junit.jupiter.api.AssertEquals.assertEquals(AssertEquals.java:177)
	at org.junit.jupiter.api.Assertions.assertEquals(Assertions.java:1145)
	at cpsc326.Parser2MiniTest.interpretsForLoop(Parser2MiniTest.java:259)
	at java.base/java.lang.reflect.Method.invoke(Method.java:580)
	at java.base/java.util.ArrayList.forEach(ArrayList.java:1596)
	at java.base/java.util.ArrayList.forEach(ArrayList.java:1596)

cpsc326.Parser2MiniTest.parsesAssignmentExpression -- Time elapsed: 0.001 s
cpsc326.Parser2MiniTest.interpretsForLoopWithoutIncrementWhenBodyUpdatesVariable -- Time elapsed: 0.002 s <<< FAILURE!
org.opentest4j.AssertionFailedError: 
expected: <0
1> but was: <0

1>
	at org.junit.jupiter.api.AssertionFailureBuilder.build(AssertionFailureBuilder.java:151)
	at org.junit.jupiter.api.AssertionFailureBuilder.buildAndThrow(AssertionFailureBuilder.java:132)
	at org.junit.jupiter.api.AssertEquals.failNotEqual(AssertEquals.java:197)
	at org.junit.jupiter.api.AssertEquals.assertEquals(AssertEquals.java:182)
	at org.junit.jupiter.api.AssertEquals.assertEquals(AssertEquals.java:177)
	at org.junit.jupiter.api.Assertions.assertEquals(Assertions.java:1145)
	at cpsc326.Parser2MiniTest.interpretsForLoopWithoutIncrementWhenBodyUpdatesVariable(Parser2MiniTest.java:266)
	at java.base/java.lang.reflect.Method.invoke(Method.java:580)
	at java.base/java.util.ArrayList.forEach(ArrayList.java:1596)
	at java.base/java.util.ArrayList.forEach(ArrayList.java:1596)

cpsc326.Parser2MiniTest.parsesForLoopIntoInitializerAndWhile -- Time elapsed: 0.001 s
cpsc326.Parser2MiniTest.parsesWhileStatement -- Time elapsed: 0.001 s
cpsc326.Parser2MiniTest.parserRecoversAfterBrokenDeclaration -- Time elapsed: 0.001 s
cpsc326.Parser2MiniTest.reportsMissingSemicolonAfterVarDeclaration -- Time elapsed: 0 s
