<?xml version="1.0" encoding="UTF-8"?>
<testsuite xmlns:xsi="http://www.w3.org/2001/XMLSchema-instance" xsi:noNamespaceSchemaLocation="https://maven.apache.org/surefire/maven-surefire-plugin/xsd/surefire-test-report.xsd" version="3.0.2" name="cpsc326.Hw4FunctionTest" time="0.153" tests="41" errors="1" skipped="0" failures="0">
  <properties>
[...]
</properties>
  <testcase name="earlierArgumentRuntimeErrorStopsLaterArgumentEvaluationAndCall" classname="cpsc326.Hw4FunctionTest" time="0.021"/>
  <testcase name="blockLocalFunctionDoesNotLeakOutsideBlock" classname="cpsc326.Hw4FunctionTest" time="0.003"/>
  <testcase name="functionCanReturnFunctionAndResultCanBeCalled" classname="cpsc326.Hw4FunctionTest" time="0.003"/>
  <testcase name="parsesCallExpressionWithNoArguments" classname="cpsc326.Hw4FunctionTest" time="0.002"/>
  <testcase name="arityErrorDoesNotExecuteFunctionBody" classname="cpsc326.Hw4FunctionTest" time="0.009"/>
  <testcase name="runtimeErrorWhenFunctionReceivesTooFewArguments" classname="cpsc326.Hw4FunctionTest" time="0.002"/>
  <testcase name="missingLeftParenAfterFunctionNameReportsParseError" classname="cpsc326.Hw4FunctionTest" time="0.002"/>
  <testcase name="functionCanReturnAnotherCallResult" classname="cpsc326.Hw4FunctionTest" time="0.001"/>
  <testcase name="parsesReturnWithoutValueAsNullReturnValue" classname="cpsc326.Hw4FunctionTest" time="0.001"/>
  <testcase name="clockIsCallableWithNoArgumentsAndReportsSecondsScale" classname="cpsc326.Hw4FunctionTest" time="0.001"/>
  <testcase name="supportsRecursiveFunctionCalls" classname="cpsc326.Hw4FunctionTest" time="0.001"/>
  <testcase name="argumentExpressionsAreEvaluatedLeftToRightBeforeCall" classname="cpsc326.Hw4FunctionTest" time="0.001"/>
  <testcase name="missingRightParenInCallReportsParseError" classname="cpsc326.Hw4FunctionTest" time="0.001"/>
  <testcase name="returnExitsFunctionBeforeLaterStatements" classname="cpsc326.Hw4FunctionTest" time="0.001"/>
  <testcase name="missingParameterNameReportsParseError" classname="cpsc326.Hw4FunctionTest" time="0.001"/>
  <testcase name="parameterBindingShadowsGlobalVariableInsideFunction" classname="cpsc326.Hw4FunctionTest" time="0.001"/>
  <testcase name="functionCanAssignGlobalVariable" classname="cpsc326.Hw4FunctionTest" time="0.001"/>
  <testcase name="missingSemicolonAfterReturnValueReportsParseError" classname="cpsc326.Hw4FunctionTest" time="0.001"/>
  <testcase name="parsesCallExpressionWithMultipleArguments" classname="cpsc326.Hw4FunctionTest" time="0.0"/>
  <testcase name="exactly255ArgumentsIsAcceptedByParser" classname="cpsc326.Hw4FunctionTest" time="0.024"/>
  <testcase name="exactly255ParametersIsAccepted" classname="cpsc326.Hw4FunctionTest" time="0.008"/>
  <testcase name="runtimeErrorWhenFunctionReceivesTooManyArguments" classname="cpsc326.Hw4FunctionTest" time="0.002"/>
  <testcase name="functionsCanCallEarlierDeclaredFunctions" classname="cpsc326.Hw4FunctionTest" time="0.001"/>
  <testcase name="functionValueCanBeStoredAndCalledAfterBlock" classname="cpsc326.Hw4FunctionTest" time="0.001"/>
  <testcase name="printFunctionObjectUsesFunctionName" classname="cpsc326.Hw4FunctionTest" time="0.001"/>
  <testcase name="functionDeclaredInsideFunctionCanBeCalledInsideThatFunction" classname="cpsc326.Hw4FunctionTest" time="0.001"/>
  <testcase name="moreThan255ArgumentsReportsErrorButParserStillReturnsCall" classname="cpsc326.Hw4FunctionTest" time="0.004"/>
  <testcase name="trailingCommaInCallReportsParseError" classname="cpsc326.Hw4FunctionTest" time="0.001"/>
  <testcase name="moreThan255ParametersReportsErrorButParserStillReturnsStatement" classname="cpsc326.Hw4FunctionTest" time="0.002"/>
  <testcase name="interpretsUserFunctionReturnValue" classname="cpsc326.Hw4FunctionTest" time="0.001"/>
  <testcase name="parsesFunctionDeclarationWithNoParameters" classname="cpsc326.Hw4FunctionTest" time="0.001"/>
  <testcase name="functionWithoutExplicitReturnProducesNil" classname="cpsc326.Hw4FunctionTest" time="0.001"/>
  <testcase name="clockRejectsArgumentsByArity" classname="cpsc326.Hw4FunctionTest" time="0.001"/>
  <testcase name="returnWithoutValueProducesNil" classname="cpsc326.Hw4FunctionTest" time="0.0"/>
  <testcase name="nestedCallsEvaluateArgumentsBeforeOuterCall" classname="cpsc326.Hw4FunctionTest" time="0.001"/>
  <testcase name="missingFunctionNameReportsParseError" classname="cpsc326.Hw4FunctionTest" time="0.001"/>
  <testcase name="functionCanReceiveFunctionArgumentAndCallIt" classname="cpsc326.Hw4FunctionTest" time="0.001"/>
  <testcase name="callBeforeFunctionDeclarationIsRuntimeError" classname="cpsc326.Hw4FunctionTest" time="0.0"/>
  <testcase name="parsesFunctionDeclarationWithParamsAndReturnBody" classname="cpsc326.Hw4FunctionTest" time="0.001"/>
  <testcase name="missingFunctionBodyBraceReportsParseError" classname="cpsc326.Hw4FunctionTest" time="0.001"/>
  <testcase name="userFunctionCanShadowNativeClock" classname="cpsc326.Hw4FunctionTest" time="0.008">
    <error message="Cannot read field &quot;line&quot; because &quot;error.token&quot; is null" type="java.lang.NullPointerException"><![CDATA[java.lang.NullPointerException: Cannot read field "line" because "error.token" is null
	at cpsc326.OurPL.runtimeError(OurPL.java:91)
	at cpsc326.Interpreter.interpret(Interpreter.java:38)
	at cpsc326.Hw4FunctionTest.interpret(Hw4FunctionTest.java:53)
	at cpsc326.Hw4FunctionTest.userFunctionCanShadowNativeClock(Hw4FunctionTest.java:537)
	at java.base/java.lang.reflect.Method.invoke(Method.java:580)
	at java.base/java.util.ArrayList.forEach(ArrayList.java:1596)
	at java.base/java.util.ArrayList.forEach(ArrayList.java:1596)
]]></error>
  </testcase>
</testsuite>