<?xml version="1.0" encoding="UTF-8"?>
<testsuite xmlns:xsi="http://www.w3.org/2001/XMLSchema-instance" xsi:noNamespaceSchemaLocation="https://maven.apache.org/surefire/maven-surefire-plugin/xsd/surefire-test-report.xsd" version="3.0.2" name="cpsc326.Parser2MiniTest" time="0.035" tests="16" errors="0" skipped="0" failures="2">
  <properties>
[...]
</properties>
  <testcase name="logicalOrShortCircuitsDuringInterpretation" classname="cpsc326.Parser2MiniTest" time="0.009"/>
  <testcase name="logicalAndShortCircuitsDuringInterpretation" classname="cpsc326.Parser2MiniTest" time="0.001"/>
  <testcase name="reportsMissingLeftParenAfterIf" classname="cpsc326.Parser2MiniTest" time="0.001"/>
  <testcase name="parsesForLoopWithoutClausesAsInfiniteLoop" classname="cpsc326.Parser2MiniTest" time="0.001"/>
  <testcase name="parsesIfElseStatement" classname="cpsc326.Parser2MiniTest" time="0.001"/>
  <testcase name="parsesVariableDeclarationWithInitializer" classname="cpsc326.Parser2MiniTest" time="0.0"/>
  <testcase name="interpretsVariableAssignment" classname="cpsc326.Parser2MiniTest" time="0.001"/>
  <testcase name="bindsElseToNearestIf" classname="cpsc326.Parser2MiniTest" time="0.0"/>
  <testcase name="reportsMissingSemicolonInsideForHeader" classname="cpsc326.Parser2MiniTest" time="0.001"/>
  <testcase name="interpretsForLoop" classname="cpsc326.Parser2MiniTest" time="0.006">
    <failure message="expected: &lt;0&#10;1&#10;2&gt; but was: &lt;0&#10;&#10;1&#10;&#10;2&gt;" type="org.opentest4j.AssertionFailedError"><![CDATA[org.opentest4j.AssertionFailedError: 
expected: <0
1
2> but was: <0

1

2>
	at org.junit.jupiter.api.AssertionFailureBuilder.build(AssertionFailureBuilder.java:151)
	at org.junit.jupiter.api.AssertionFailureBuilder.buildAndThrow(AssertionFailureBuilder.java:132)
	at org.junit.jupiter.api.AssertEquals.failNotEqual(AssertEquals.java:197)
	at org.junit.jupiter.api.AssertEquals.assertEquals(AssertEquals.java:182)
	at org.junit.jupiter.api.AssertEquals.assertEquals(AssertEquals.java:177)
	at org.junit.jupiter.api.Assertions.assertEquals(Assertions.java:1145)
	at cpsc326.Parser2MiniTest.interpretsForLoop(Parser2MiniTest.java:259)
	at java.base/java.lang.reflect.Method.invoke(Method.java:580)
	at java.base/java.util.ArrayList.forEach(ArrayList.java:1596)
	at java.base/java.util.ArrayList.forEach(ArrayList.java:1596)
]]></failure>
  </testcase>
  <testcase name="parsesAssignmentExpression" classname="cpsc326.Parser2MiniTest" time="0.001"/>
  <testcase name="interpretsForLoopWithoutIncrementWhenBodyUpdatesVariable" classname="cpsc326.Parser2MiniTest" time="0.002">
    <failure message="expected: &lt;0&#10;1&gt; but was: &lt;0&#10;&#10;1&gt;" type="org.opentest4j.AssertionFailedError"><![CDATA[org.opentest4j.AssertionFailedError: 
expected: <0
1> but was: <0

1>
	at org.junit.jupiter.api.AssertionFailureBuilder.build(AssertionFailureBuilder.java:151)
	at org.junit.jupiter.api.AssertionFailureBuilder.buildAndThrow(AssertionFailureBuilder.java:132)
	at org.junit.jupiter.api.AssertEquals.failNotEqual(AssertEquals.java:197)
	at org.junit.jupiter.api.AssertEquals.assertEquals(AssertEquals.java:182)
	at org.junit.jupiter.api.AssertEquals.assertEquals(AssertEquals.java:177)
	at org.junit.jupiter.api.Assertions.assertEquals(Assertions.java:1145)
	at cpsc326.Parser2MiniTest.interpretsForLoopWithoutIncrementWhenBodyUpdatesVariable(Parser2MiniTest.java:266)
	at java.base/java.lang.reflect.Method.invoke(Method.java:580)
	at java.base/java.util.ArrayList.forEach(ArrayList.java:1596)
	at java.base/java.util.ArrayList.forEach(ArrayList.java:1596)
]]></failure>
  </testcase>
  <testcase name="parsesForLoopIntoInitializerAndWhile" classname="cpsc326.Parser2MiniTest" time="0.001"/>
  <testcase name="parsesWhileStatement" classname="cpsc326.Parser2MiniTest" time="0.001"/>
  <testcase name="parserRecoversAfterBrokenDeclaration" classname="cpsc326.Parser2MiniTest" time="0.001"/>
  <testcase name="reportsMissingSemicolonAfterVarDeclaration" classname="cpsc326.Parser2MiniTest" time="0.0"/>
</testsuite>